<?xml version="1.0" encoding="UTF-8"?>
<!-- Generated by org.testng.reporters.JUnitReportReporter -->
<testsuite skipped="0" hostname="DESKTOP-D8HNM4S" name="tests.FBLoginTest" tests="15" failures="0" timestamp="2021-03-03T16:33:06 IST" time="194.452" errors="0">
  <testcase name="launchSite" time="28.313" classname="tests.FBLoginTest"/>
  <system-out/>
  <testcase name="launchSite" time="25.146" classname="tests.FBLoginTest"/>
  <system-out/>
  <testcase name="launchSite" time="20.034" classname="tests.FBLoginTest"/>
  <system-out/>
  <testcase name="launchSite" time="19.919" classname="tests.FBLoginTest"/>
  <system-out/>
  <testcase name="launchSite" time="26.249" classname="tests.FBLoginTest"/>
  <system-out/>
  <testcase name="loginTest" time="17.411" classname="tests.FBLoginTest"/>
  <system-out>
Login test passed  </system-out>
  <testcase name="loginTest" time="9.185" classname="tests.FBLoginTest"/>
  <system-out>
Blank/Invalid password test passed  </system-out>
  <testcase name="loginTest" time="10.332" classname="tests.FBLoginTest"/>
  <system-out/>
  <testcase name="loginTest" time="7.835" classname="tests.FBLoginTest"/>
  <system-out>
Invalid email address test passed  </system-out>
  <testcase name="loginTest" time="7.379" classname="tests.FBLoginTest"/>
  <system-out>
Blank/Invalid password test passed  </system-out>
  <testcase name="closeSite" time="5.045" classname="tests.FBLoginTest"/>
  <system-out/>
  <testcase name="closeSite" time="6.583" classname="tests.FBLoginTest"/>
  <system-out/>
  <testcase name="closeSite" time="0.867" classname="tests.FBLoginTest"/>
  <system-out/>
  <testcase name="closeSite" time="5.197" classname="tests.FBLoginTest"/>
  <system-out/>
  <testcase name="closeSite" time="4.957" classname="tests.FBLoginTest"/>
  <system-out/>
</testsuite> <!-- tests.FBLoginTest -->
